2019-04-15 00:14:05,713 [INFO] [SessionValidationThread-1] o.apache.shiro.session.mgt.AbstractValidatingSessionManager [AbstractValidatingSessionManager.java : 275] Validating all active sessions...
2019-04-15 00:14:05,718 [INFO] [SessionValidationThread-1] o.apache.shiro.session.mgt.AbstractValidatingSessionManager [AbstractValidatingSessionManager.java : 308] Finished session validation.  No sessions were stopped.
2019-04-15 00:29:05,708 [INFO] [SessionValidationThread-1] o.apache.shiro.session.mgt.AbstractValidatingSessionManager [AbstractValidatingSessionManager.java : 275] Validating all active sessions...
2019-04-15 00:29:05,708 [INFO] [SessionValidationThread-1] o.apache.shiro.session.mgt.AbstractValidatingSessionManager [AbstractValidatingSessionManager.java : 308] Finished session validation.  No sessions were stopped.
2019-04-15 00:44:05,706 [INFO] [SessionValidationThread-1] o.apache.shiro.session.mgt.AbstractValidatingSessionManager [AbstractValidatingSessionManager.java : 275] Validating all active sessions...
2019-04-15 00:44:05,706 [INFO] [SessionValidationThread-1] o.apache.shiro.session.mgt.AbstractValidatingSessionManager [AbstractValidatingSessionManager.java : 308] Finished session validation.  No sessions were stopped.
2019-04-15 00:59:05,707 [INFO] [SessionValidationThread-1] o.apache.shiro.session.mgt.AbstractValidatingSessionManager [AbstractValidatingSessionManager.java : 275] Validating all active sessions...
2019-04-15 00:59:05,707 [INFO] [SessionValidationThread-1] o.apache.shiro.session.mgt.AbstractValidatingSessionManager [AbstractValidatingSessionManager.java : 308] Finished session validation.  No sessions were stopped.
2019-04-15 01:14:05,694 [INFO] [SessionValidationThread-1] o.apache.shiro.session.mgt.AbstractValidatingSessionManager [AbstractValidatingSessionManager.java : 275] Validating all active sessions...
2019-04-15 01:14:05,694 [INFO] [SessionValidationThread-1] o.apache.shiro.session.mgt.AbstractValidatingSessionManager [AbstractValidatingSessionManager.java : 308] Finished session validation.  No sessions were stopped.
2019-04-15 01:29:05,692 [INFO] [SessionValidationThread-1] o.apache.shiro.session.mgt.AbstractValidatingSessionManager [AbstractValidatingSessionManager.java : 275] Validating all active sessions...
2019-04-15 01:29:05,692 [INFO] [SessionValidationThread-1] o.apache.shiro.session.mgt.AbstractValidatingSessionManager [AbstractValidatingSessionManager.java : 308] Finished session validation.  No sessions were stopped.
2019-04-15 01:44:05,684 [INFO] [SessionValidationThread-1] o.apache.shiro.session.mgt.AbstractValidatingSessionManager [AbstractValidatingSessionManager.java : 275] Validating all active sessions...
2019-04-15 01:44:05,685 [INFO] [SessionValidationThread-1] o.apache.shiro.session.mgt.AbstractValidatingSessionManager [AbstractValidatingSessionManager.java : 308] Finished session validation.  No sessions were stopped.
2019-04-15 01:59:05,683 [INFO] [SessionValidationThread-1] o.apache.shiro.session.mgt.AbstractValidatingSessionManager [AbstractValidatingSessionManager.java : 275] Validating all active sessions...
2019-04-15 01:59:05,683 [INFO] [SessionValidationThread-1] o.apache.shiro.session.mgt.AbstractValidatingSessionManager [AbstractValidatingSessionManager.java : 308] Finished session validation.  No sessions were stopped.
2019-04-15 02:14:05,672 [INFO] [SessionValidationThread-1] o.apache.shiro.session.mgt.AbstractValidatingSessionManager [AbstractValidatingSessionManager.java : 275] Validating all active sessions...
2019-04-15 02:14:05,672 [INFO] [SessionValidationThread-1] o.apache.shiro.session.mgt.AbstractValidatingSessionManager [AbstractValidatingSessionManager.java : 308] Finished session validation.  No sessions were stopped.
2019-04-15 02:29:05,669 [INFO] [SessionValidationThread-1] o.apache.shiro.session.mgt.AbstractValidatingSessionManager [AbstractValidatingSessionManager.java : 275] Validating all active sessions...
2019-04-15 02:29:05,669 [INFO] [SessionValidationThread-1] o.apache.shiro.session.mgt.AbstractValidatingSessionManager [AbstractValidatingSessionManager.java : 308] Finished session validation.  No sessions were stopped.
2019-04-15 02:44:05,661 [INFO] [SessionValidationThread-1] o.apache.shiro.session.mgt.AbstractValidatingSessionManager [AbstractValidatingSessionManager.java : 275] Validating all active sessions...
2019-04-15 02:44:05,662 [INFO] [SessionValidationThread-1] o.apache.shiro.session.mgt.AbstractValidatingSessionManager [AbstractValidatingSessionManager.java : 308] Finished session validation.  No sessions were stopped.
2019-04-15 02:59:05,661 [INFO] [SessionValidationThread-1] o.apache.shiro.session.mgt.AbstractValidatingSessionManager [AbstractValidatingSessionManager.java : 275] Validating all active sessions...
2019-04-15 02:59:05,662 [INFO] [SessionValidationThread-1] o.apache.shiro.session.mgt.AbstractValidatingSessionManager [AbstractValidatingSessionManager.java : 308] Finished session validation.  No sessions were stopped.
2019-04-15 03:14:05,651 [INFO] [SessionValidationThread-1] o.apache.shiro.session.mgt.AbstractValidatingSessionManager [AbstractValidatingSessionManager.java : 275] Validating all active sessions...
2019-04-15 03:14:05,651 [INFO] [SessionValidationThread-1] o.apache.shiro.session.mgt.AbstractValidatingSessionManager [AbstractValidatingSessionManager.java : 308] Finished session validation.  No sessions were stopped.
2019-04-15 03:29:05,647 [INFO] [SessionValidationThread-1] o.apache.shiro.session.mgt.AbstractValidatingSessionManager [AbstractValidatingSessionManager.java : 275] Validating all active sessions...
2019-04-15 03:29:05,647 [INFO] [SessionValidationThread-1] o.apache.shiro.session.mgt.AbstractValidatingSessionManager [AbstractValidatingSessionManager.java : 308] Finished session validation.  No sessions were stopped.
2019-04-15 03:44:05,640 [INFO] [SessionValidationThread-1] o.apache.shiro.session.mgt.AbstractValidatingSessionManager [AbstractValidatingSessionManager.java : 275] Validating all active sessions...
2019-04-15 03:44:05,640 [INFO] [SessionValidationThread-1] o.apache.shiro.session.mgt.AbstractValidatingSessionManager [AbstractValidatingSessionManager.java : 308] Finished session validation.  No sessions were stopped.
2019-04-15 03:59:05,636 [INFO] [SessionValidationThread-1] o.apache.shiro.session.mgt.AbstractValidatingSessionManager [AbstractValidatingSessionManager.java : 275] Validating all active sessions...
2019-04-15 03:59:05,636 [INFO] [SessionValidationThread-1] o.apache.shiro.session.mgt.AbstractValidatingSessionManager [AbstractValidatingSessionManager.java : 308] Finished session validation.  No sessions were stopped.
2019-04-15 04:14:05,630 [INFO] [SessionValidationThread-1] o.apache.shiro.session.mgt.AbstractValidatingSessionManager [AbstractValidatingSessionManager.java : 275] Validating all active sessions...
2019-04-15 04:14:05,630 [INFO] [SessionValidationThread-1] o.apache.shiro.session.mgt.AbstractValidatingSessionManager [AbstractValidatingSessionManager.java : 308] Finished session validation.  No sessions were stopped.
2019-04-15 04:29:05,625 [INFO] [SessionValidationThread-1] o.apache.shiro.session.mgt.AbstractValidatingSessionManager [AbstractValidatingSessionManager.java : 275] Validating all active sessions...
2019-04-15 04:29:05,625 [INFO] [SessionValidationThread-1] o.apache.shiro.session.mgt.AbstractValidatingSessionManager [AbstractValidatingSessionManager.java : 308] Finished session validation.  No sessions were stopped.
2019-04-15 04:44:05,622 [INFO] [SessionValidationThread-1] o.apache.shiro.session.mgt.AbstractValidatingSessionManager [AbstractValidatingSessionManager.java : 275] Validating all active sessions...
2019-04-15 04:44:05,623 [INFO] [SessionValidationThread-1] o.apache.shiro.session.mgt.AbstractValidatingSessionManager [AbstractValidatingSessionManager.java : 308] Finished session validation.  No sessions were stopped.
2019-04-15 04:59:05,616 [INFO] [SessionValidationThread-1] o.apache.shiro.session.mgt.AbstractValidatingSessionManager [AbstractValidatingSessionManager.java : 275] Validating all active sessions...
2019-04-15 04:59:05,661 [INFO] [SessionValidationThread-1] o.apache.shiro.session.mgt.AbstractValidatingSessionManager [AbstractValidatingSessionManager.java : 308] Finished session validation.  No sessions were stopped.
2019-04-15 05:14:05,610 [INFO] [SessionValidationThread-1] o.apache.shiro.session.mgt.AbstractValidatingSessionManager [AbstractValidatingSessionManager.java : 275] Validating all active sessions...
2019-04-15 05:14:05,610 [INFO] [SessionValidationThread-1] o.apache.shiro.session.mgt.AbstractValidatingSessionManager [AbstractValidatingSessionManager.java : 308] Finished session validation.  No sessions were stopped.
2019-04-15 05:29:05,601 [INFO] [SessionValidationThread-1] o.apache.shiro.session.mgt.AbstractValidatingSessionManager [AbstractValidatingSessionManager.java : 275] Validating all active sessions...
2019-04-15 05:29:05,645 [INFO] [SessionValidationThread-1] o.apache.shiro.session.mgt.AbstractValidatingSessionManager [AbstractValidatingSessionManager.java : 308] Finished session validation.  No sessions were stopped.
2019-04-15 05:44:05,597 [INFO] [SessionValidationThread-1] o.apache.shiro.session.mgt.AbstractValidatingSessionManager [AbstractValidatingSessionManager.java : 275] Validating all active sessions...
2019-04-15 05:44:05,597 [INFO] [SessionValidationThread-1] o.apache.shiro.session.mgt.AbstractValidatingSessionManager [AbstractValidatingSessionManager.java : 308] Finished session validation.  No sessions were stopped.
2019-04-15 05:59:05,592 [INFO] [SessionValidationThread-1] o.apache.shiro.session.mgt.AbstractValidatingSessionManager [AbstractValidatingSessionManager.java : 275] Validating all active sessions...
2019-04-15 05:59:05,634 [INFO] [SessionValidationThread-1] o.apache.shiro.session.mgt.AbstractValidatingSessionManager [AbstractValidatingSessionManager.java : 308] Finished session validation.  No sessions were stopped.
2019-04-15 06:14:05,590 [INFO] [SessionValidationThread-1] o.apache.shiro.session.mgt.AbstractValidatingSessionManager [AbstractValidatingSessionManager.java : 275] Validating all active sessions...
2019-04-15 06:14:05,590 [INFO] [SessionValidationThread-1] o.apache.shiro.session.mgt.AbstractValidatingSessionManager [AbstractValidatingSessionManager.java : 308] Finished session validation.  No sessions were stopped.
2019-04-15 06:29:05,587 [INFO] [SessionValidationThread-1] o.apache.shiro.session.mgt.AbstractValidatingSessionManager [AbstractValidatingSessionManager.java : 275] Validating all active sessions...
2019-04-15 06:29:05,633 [INFO] [SessionValidationThread-1] o.apache.shiro.session.mgt.AbstractValidatingSessionManager [AbstractValidatingSessionManager.java : 308] Finished session validation.  No sessions were stopped.
2019-04-15 06:44:05,578 [INFO] [SessionValidationThread-1] o.apache.shiro.session.mgt.AbstractValidatingSessionManager [AbstractValidatingSessionManager.java : 275] Validating all active sessions...
2019-04-15 06:44:05,578 [INFO] [SessionValidationThread-1] o.apache.shiro.session.mgt.AbstractValidatingSessionManager [AbstractValidatingSessionManager.java : 308] Finished session validation.  No sessions were stopped.
2019-04-15 06:59:05,570 [INFO] [SessionValidationThread-1] o.apache.shiro.session.mgt.AbstractValidatingSessionManager [AbstractValidatingSessionManager.java : 275] Validating all active sessions...
2019-04-15 06:59:05,615 [INFO] [SessionValidationThread-1] o.apache.shiro.session.mgt.AbstractValidatingSessionManager [AbstractValidatingSessionManager.java : 308] Finished session validation.  No sessions were stopped.
2019-04-15 07:14:05,566 [INFO] [SessionValidationThread-1] o.apache.shiro.session.mgt.AbstractValidatingSessionManager [AbstractValidatingSessionManager.java : 275] Validating all active sessions...
2019-04-15 07:14:05,566 [INFO] [SessionValidationThread-1] o.apache.shiro.session.mgt.AbstractValidatingSessionManager [AbstractValidatingSessionManager.java : 308] Finished session validation.  No sessions were stopped.
2019-04-15 07:29:05,565 [INFO] [SessionValidationThread-1] o.apache.shiro.session.mgt.AbstractValidatingSessionManager [AbstractValidatingSessionManager.java : 275] Validating all active sessions...
2019-04-15 07:29:05,607 [INFO] [SessionValidationThread-1] o.apache.shiro.session.mgt.AbstractValidatingSessionManager [AbstractValidatingSessionManager.java : 308] Finished session validation.  No sessions were stopped.
2019-04-15 07:44:05,555 [INFO] [SessionValidationThread-1] o.apache.shiro.session.mgt.AbstractValidatingSessionManager [AbstractValidatingSessionManager.java : 275] Validating all active sessions...
2019-04-15 07:44:05,555 [INFO] [SessionValidationThread-1] o.apache.shiro.session.mgt.AbstractValidatingSessionManager [AbstractValidatingSessionManager.java : 308] Finished session validation.  No sessions were stopped.
2019-04-15 07:59:05,550 [INFO] [SessionValidationThread-1] o.apache.shiro.session.mgt.AbstractValidatingSessionManager [AbstractValidatingSessionManager.java : 275] Validating all active sessions...
2019-04-15 07:59:05,550 [INFO] [SessionValidationThread-1] o.apache.shiro.session.mgt.AbstractValidatingSessionManager [AbstractValidatingSessionManager.java : 308] Finished session validation.  No sessions were stopped.
2019-04-15 08:14:05,547 [INFO] [SessionValidationThread-1] o.apache.shiro.session.mgt.AbstractValidatingSessionManager [AbstractValidatingSessionManager.java : 275] Validating all active sessions...
2019-04-15 08:14:05,548 [INFO] [SessionValidationThread-1] o.apache.shiro.session.mgt.AbstractValidatingSessionManager [AbstractValidatingSessionManager.java : 308] Finished session validation.  No sessions were stopped.
2019-04-15 08:29:05,504 [INFO] [SessionValidationThread-1] o.apache.shiro.session.mgt.AbstractValidatingSessionManager [AbstractValidatingSessionManager.java : 275] Validating all active sessions...
2019-04-15 08:29:05,552 [INFO] [SessionValidationThread-1] o.apache.shiro.session.mgt.AbstractValidatingSessionManager [AbstractValidatingSessionManager.java : 308] Finished session validation.  No sessions were stopped.
2019-04-15 08:44:05,491 [INFO] [SessionValidationThread-1] o.apache.shiro.session.mgt.AbstractValidatingSessionManager [AbstractValidatingSessionManager.java : 275] Validating all active sessions...
2019-04-15 08:44:05,588 [INFO] [SessionValidationThread-1] o.apache.shiro.session.mgt.AbstractValidatingSessionManager [AbstractValidatingSessionManager.java : 308] Finished session validation.  No sessions were stopped.
2019-04-15 08:59:05,484 [INFO] [SessionValidationThread-1] o.apache.shiro.session.mgt.AbstractValidatingSessionManager [AbstractValidatingSessionManager.java : 275] Validating all active sessions...
2019-04-15 08:59:05,504 [INFO] [SessionValidationThread-1] o.apache.shiro.session.mgt.AbstractValidatingSessionManager [AbstractValidatingSessionManager.java : 308] Finished session validation.  No sessions were stopped.
2019-04-15 09:14:05,483 [INFO] [SessionValidationThread-1] o.apache.shiro.session.mgt.AbstractValidatingSessionManager [AbstractValidatingSessionManager.java : 275] Validating all active sessions...
2019-04-15 09:14:05,499 [INFO] [SessionValidationThread-1] o.apache.shiro.session.mgt.AbstractValidatingSessionManager [AbstractValidatingSessionManager.java : 308] Finished session validation.  No sessions were stopped.
2019-04-15 09:29:05,475 [INFO] [SessionValidationThread-1] o.apache.shiro.session.mgt.AbstractValidatingSessionManager [AbstractValidatingSessionManager.java : 275] Validating all active sessions...
2019-04-15 09:29:05,493 [INFO] [SessionValidationThread-1] o.apache.shiro.session.mgt.AbstractValidatingSessionManager [AbstractValidatingSessionManager.java : 308] Finished session validation.  No sessions were stopped.
2019-04-15 09:44:05,473 [INFO] [SessionValidationThread-1] o.apache.shiro.session.mgt.AbstractValidatingSessionManager [AbstractValidatingSessionManager.java : 275] Validating all active sessions...
2019-04-15 09:44:05,489 [INFO] [SessionValidationThread-1] o.apache.shiro.session.mgt.AbstractValidatingSessionManager [AbstractValidatingSessionManager.java : 308] Finished session validation.  No sessions were stopped.
2019-04-15 09:59:05,467 [INFO] [SessionValidationThread-1] o.apache.shiro.session.mgt.AbstractValidatingSessionManager [AbstractValidatingSessionManager.java : 275] Validating all active sessions...
2019-04-15 09:59:05,509 [INFO] [SessionValidationThread-1] o.apache.shiro.session.mgt.AbstractValidatingSessionManager [AbstractValidatingSessionManager.java : 308] Finished session validation.  No sessions were stopped.
2019-04-15 10:14:05,462 [INFO] [SessionValidationThread-1] o.apache.shiro.session.mgt.AbstractValidatingSessionManager [AbstractValidatingSessionManager.java : 275] Validating all active sessions...
2019-04-15 10:14:05,462 [INFO] [SessionValidationThread-1] o.apache.shiro.session.mgt.AbstractValidatingSessionManager [AbstractValidatingSessionManager.java : 308] Finished session validation.  No sessions were stopped.
2019-04-15 10:29:05,463 [INFO] [SessionValidationThread-1] o.apache.shiro.session.mgt.AbstractValidatingSessionManager [AbstractValidatingSessionManager.java : 275] Validating all active sessions...
2019-04-15 10:29:05,466 [INFO] [SessionValidationThread-1] o.apache.shiro.session.mgt.AbstractValidatingSessionManager [AbstractValidatingSessionManager.java : 308] Finished session validation.  No sessions were stopped.
2019-04-15 10:44:05,448 [INFO] [SessionValidationThread-1] o.apache.shiro.session.mgt.AbstractValidatingSessionManager [AbstractValidatingSessionManager.java : 275] Validating all active sessions...
2019-04-15 10:44:05,465 [INFO] [SessionValidationThread-1] o.apache.shiro.session.mgt.AbstractValidatingSessionManager [AbstractValidatingSessionManager.java : 308] Finished session validation.  No sessions were stopped.
2019-04-15 10:46:56,114 [INFO] [Thread-26] o.s.b.c.e.AnnotationConfigEmbeddedWebApplicationContext [AbstractApplicationContext.java : 987] Closing org.springframework.boot.context.embedded.AnnotationConfigEmbeddedWebApplicationContext@108d55c4: startup date [Fri Apr 12 15:58:21 CST 2019]; root of context hierarchy
2019-04-15 10:46:56,206 [INFO] [Thread-26] o.s.jmx.export.annotation.AnnotationMBeanExporter [MBeanExporter.java : 449] Unregistering JMX-exposed beans on shutdown
2019-04-15 10:46:56,227 [INFO] [Thread-26] com.alibaba.druid.pool.DruidDataSource [DruidDataSource.java : 1514] {dataSource-1} closed
2019-04-15 10:46:56,233 [INFO] [Thread-26] o.apache.shiro.session.mgt.AbstractValidatingSessionManager [AbstractValidatingSessionManager.java : 250] Disabled session validation scheduler.
2019-04-15 10:46:56,235 [INFO] [Thread-26] org.springframework.cache.ehcache.EhCacheManagerFactoryBean [EhCacheManagerFactoryBean.java : 187] Shutting down EhCache CacheManager
